<?xml version="1.0" encoding="UTF-8"?>
<!-- Generated by org.testng.reporters.JUnitReportReporter -->
<testsuite hostname="cihan-Lenovo-IdeaPad-S540-15IML" failures="0" tests="1" name="SdetCucumber.AppTest" time="0.014" errors="0" timestamp="28 Feb 2021 19:53:41 GMT" skipped="0">
  <testcase classname="SdetCucumber.AppTest" name="shouldAnswerWithTrue" time="0.014"/>
</testsuite> <!-- SdetCucumber.AppTest -->
